[5248] error @0.002361> [hit #1]request to /upload crashed: Read failure at C:\Program Files (x86)\Apache Software Foundation\Apache2.2\cgi-bin\ShareX\lib/ShareX/App.pm line 49. in C:/Perl/site/lib/Dancer/Handler.pm l. 98
[7016] error @0.001842> [hit #1]request to /upload crashed: Read failure at C:\Program Files (x86)\Apache Software Foundation\Apache2.2\cgi-bin\ShareX\lib/ShareX/App.pm line 49. in C:/Perl/site/lib/Dancer/Handler.pm l. 98
[6092] error @0.002205> [hit #1]request to /upload crashed: Read failure at C:\Program Files (x86)\Apache Software Foundation\Apache2.2\cgi-bin\ShareX\lib/ShareX/App.pm line 49. in C:/Perl/site/lib/Dancer/Handler.pm l. 98
[7004] error @0.002990> [hit #1]request to /upload crashed: Read failure at C:\Program Files (x86)\Apache Software Foundation\Apache2.2\cgi-bin\ShareX\lib/ShareX/App.pm line 49. in C:/Perl/site/lib/Dancer/Handler.pm l. 98
[6728] error @0.002688> [hit #1]request to /upload crashed: Read failure at C:\Program Files (x86)\Apache Software Foundation\Apache2.2\cgi-bin\ShareX\lib/ShareX/App.pm line 49. in C:/Perl/site/lib/Dancer/Handler.pm l. 98
[6064] error @0.001697> [hit #1]request to /upload crashed: Can't call method "filename" on an undefined value at C:\Program Files (x86)\Apache Software Foundation\Apache2.2\cgi-bin\ShareX\lib/ShareX/App.pm line 43. in C:/Perl/site/lib/Dancer/Handler.pm l. 98
[5016] error @0.001678> [hit #1]request to /upload crashed: Can't call method "filename" on an undefined value at C:\Program Files (x86)\Apache Software Foundation\Apache2.2\cgi-bin\ShareX\lib/ShareX/App.pm line 43. in C:/Perl/site/lib/Dancer/Handler.pm l. 98
[6380] error @0.001646> [hit #1]request to /upload crashed: Can't call method "filename" on an undefined value at C:\Program Files (x86)\Apache Software Foundation\Apache2.2\cgi-bin\ShareX\lib/ShareX/App.pm line 43. in C:/Perl/site/lib/Dancer/Handler.pm l. 98
[7104] error @0.001626> [hit #1]request to /upload crashed: Can't call method "filename" on an undefined value at C:\Program Files (x86)\Apache Software Foundation\Apache2.2\cgi-bin\ShareX\lib/ShareX/App.pm line 43. in C:/Perl/site/lib/Dancer/Handler.pm l. 98
[5552] error @0.001866> [hit #1]request to /upload crashed: Can't locate object method "copy_to" via package "Dancer::Request" at C:\Program Files (x86)\Apache Software Foundation\Apache2.2\cgi-bin\ShareX\lib/ShareX/App.pm line 40. in C:/Perl/site/lib/Dancer/Handler.pm l. 98
[6112] error @0.001669> [hit #1]request to /upload crashed: Can't locate object method "copy_to" via package "Dancer::Request" at C:\Program Files (x86)\Apache Software Foundation\Apache2.2\cgi-bin\ShareX\lib/ShareX/App.pm line 40. in C:/Perl/site/lib/Dancer/Handler.pm l. 98
[5816] error @0.001641> [hit #1]request to /upload crashed: Can't locate object method "copy_to" via package "Dancer::Request" at C:\Program Files (x86)\Apache Software Foundation\Apache2.2\cgi-bin\ShareX\lib/ShareX/App.pm line 40. in C:/Perl/site/lib/Dancer/Handler.pm l. 98
[6292] error @0.002244> [hit #1]request to /upload crashed: Read failure at C:\Program Files (x86)\Apache Software Foundation\Apache2.2\cgi-bin\ShareX\lib/ShareX/App.pm line 60. in C:/Perl/site/lib/Dancer/Handler.pm l. 98
[6620] error @0.002104> [hit #1]request to /upload crashed: Read failure at C:\Program Files (x86)\Apache Software Foundation\Apache2.2\cgi-bin\ShareX\lib/ShareX/App.pm line 60. in C:/Perl/site/lib/Dancer/Handler.pm l. 98
[1608] error @0.001644> [hit #1]request to /upload crashed: Can't locate object method "copy_to" via package "Dancer::Request" at C:\Program Files (x86)\Apache Software Foundation\Apache2.2\cgi-bin\ShareX\lib/ShareX/App.pm line 40. in C:/Perl/site/lib/Dancer/Handler.pm l. 98
[6436] error @0.001643> [hit #1]request to /upload crashed: Can't locate object method "copy_to" via package "Dancer::Request" at C:\Program Files (x86)\Apache Software Foundation\Apache2.2\cgi-bin\ShareX\lib/ShareX/App.pm line 41. in C:/Perl/site/lib/Dancer/Handler.pm l. 98
[6840] error @0.001594> [hit #1]request to /upload crashed: Can't locate object method "copy_to" via package "Dancer::Request" at C:\Program Files (x86)\Apache Software Foundation\Apache2.2\cgi-bin\ShareX\lib/ShareX/App.pm line 41. in C:/Perl/site/lib/Dancer/Handler.pm l. 98
[2864] error @0.001598> [hit #1]request to /upload crashed: Can't call method "filename" on unblessed reference at C:\Program Files (x86)\Apache Software Foundation\Apache2.2\cgi-bin\ShareX\lib/ShareX/App.pm line 43. in C:/Perl/site/lib/Dancer/Handler.pm l. 98
[6936] error @0.001596> [hit #1]request to /upload crashed: Can't locate object method "filename" via package "Dancer::Request" at C:\Program Files (x86)\Apache Software Foundation\Apache2.2\cgi-bin\ShareX\lib/ShareX/App.pm line 37. in C:/Perl/site/lib/Dancer/Handler.pm l. 98
[6120] error @0.001563> [hit #1]request to /upload crashed: Can't locate object method "filename" via package "Dancer::Request" at C:\Program Files (x86)\Apache Software Foundation\Apache2.2\cgi-bin\ShareX\lib/ShareX/App.pm line 37. in C:/Perl/site/lib/Dancer/Handler.pm l. 98
